Build started 22.01.2017 19:45:51.
     1>Project "c:\Users\администратор\documents\visual studio 2015\Projects\Secondlab\Secondlab\Secondlab.vcxproj" on node 2 (Build target(s)).
     1>ClCompile:
         C:\Program Files\Microsoft Visual Studio 14.0\VC\bin\CL.exe /c /ZI /nologo /W3 /WX- /sdl /Od /Oy- /D _MBCS /Gm /EHsc /RTC1 /MDd /GS /fp:precise /Zc:wchar_t /Zc:forScope /Zc:inline /Fo"Debug\\" /Fd"Debug\vc140.pdb" /Gd /TP /analyze- /errorReport:prompt draw.cpp main.cpp
         main.cpp
     1>c:\users\администратор\documents\visual studio 2015\projects\secondlab\secondlab\main.cpp(155): warning C4244: '=': conversion from 'double' to 'int', possible loss of data
     1>c:\users\администратор\documents\visual studio 2015\projects\secondlab\secondlab\main.cpp(178): warning C4244: '=': conversion from 'double' to 'int', possible loss of data
         draw.cpp
     1>c:\users\администратор\documents\visual studio 2015\projects\secondlab\secondlab\draw.cpp(20): warning C4244: 'argument': conversion from 'double' to 'COLORREF', possible loss of data
     1>c:\users\администратор\documents\visual studio 2015\projects\secondlab\secondlab\draw.cpp(21): warning C4244: 'argument': conversion from 'double' to 'COLORREF', possible loss of data
     1>c:\users\администратор\documents\visual studio 2015\projects\secondlab\secondlab\draw.cpp(22): warning C4244: '=': conversion from 'double' to 'float', possible loss of data
     1>c:\users\администратор\documents\visual studio 2015\projects\secondlab\secondlab\draw.cpp(32): warning C4244: 'argument': conversion from 'double' to 'COLORREF', possible loss of data
     1>c:\users\администратор\documents\visual studio 2015\projects\secondlab\secondlab\draw.cpp(33): warning C4244: 'argument': conversion from 'double' to 'COLORREF', possible loss of data
     1>c:\users\администратор\documents\visual studio 2015\projects\secondlab\secondlab\draw.cpp(34): warning C4244: '=': conversion from 'double' to 'float', possible loss of data
     1>c:\users\администратор\documents\visual studio 2015\projects\secondlab\secondlab\draw.cpp(44): warning C4244: 'argument': conversion from 'double' to 'COLORREF', possible loss of data
     1>c:\users\администратор\documents\visual studio 2015\projects\secondlab\secondlab\draw.cpp(45): warning C4244: 'argument': conversion from 'double' to 'COLORREF', possible loss of data
     1>c:\users\администратор\documents\visual studio 2015\projects\secondlab\secondlab\draw.cpp(46): warning C4244: '=': conversion from 'double' to 'float', possible loss of data
     1>c:\users\администратор\documents\visual studio 2015\projects\secondlab\secondlab\draw.cpp(56): warning C4244: 'argument': conversion from 'double' to 'COLORREF', possible loss of data
     1>c:\users\администратор\documents\visual studio 2015\projects\secondlab\secondlab\draw.cpp(57): warning C4244: 'argument': conversion from 'double' to 'COLORREF', possible loss of data
     1>c:\users\администратор\documents\visual studio 2015\projects\secondlab\secondlab\draw.cpp(58): warning C4244: '=': conversion from 'double' to 'float', possible loss of data
     1>c:\users\администратор\documents\visual studio 2015\projects\secondlab\secondlab\draw.cpp(68): warning C4244: 'argument': conversion from 'double' to 'COLORREF', possible loss of data
     1>c:\users\администратор\documents\visual studio 2015\projects\secondlab\secondlab\draw.cpp(69): warning C4244: 'argument': conversion from 'double' to 'COLORREF', possible loss of data
     1>c:\users\администратор\documents\visual studio 2015\projects\secondlab\secondlab\draw.cpp(70): warning C4244: '=': conversion from 'double' to 'float', possible loss of data
     1>c:\users\администратор\documents\visual studio 2015\projects\secondlab\secondlab\draw.cpp(80): warning C4244: 'argument': conversion from 'double' to 'COLORREF', possible loss of data
     1>c:\users\администратор\documents\visual studio 2015\projects\secondlab\secondlab\draw.cpp(81): warning C4244: 'argument': conversion from 'double' to 'COLORREF', possible loss of data
     1>c:\users\администратор\documents\visual studio 2015\projects\secondlab\secondlab\draw.cpp(82): warning C4244: '=': conversion from 'double' to 'float', possible loss of data
     1>c:\users\администратор\documents\visual studio 2015\projects\secondlab\secondlab\draw.cpp(92): warning C4244: 'argument': conversion from 'double' to 'COLORREF', possible loss of data
     1>c:\users\администратор\documents\visual studio 2015\projects\secondlab\secondlab\draw.cpp(93): warning C4244: 'argument': conversion from 'double' to 'COLORREF', possible loss of data
     1>c:\users\администратор\documents\visual studio 2015\projects\secondlab\secondlab\draw.cpp(94): warning C4244: '=': conversion from 'double' to 'float', possible loss of data
     1>c:\users\администратор\documents\visual studio 2015\projects\secondlab\secondlab\draw.cpp(104): warning C4244: 'argument': conversion from 'double' to 'COLORREF', possible loss of data
     1>c:\users\администратор\documents\visual studio 2015\projects\secondlab\secondlab\draw.cpp(105): warning C4244: 'argument': conversion from 'double' to 'COLORREF', possible loss of data
     1>c:\users\администратор\documents\visual studio 2015\projects\secondlab\secondlab\draw.cpp(106): warning C4244: '=': conversion from 'double' to 'float', possible loss of data
     1>c:\users\администратор\documents\visual studio 2015\projects\secondlab\secondlab\draw.cpp(134): warning C4244: 'argument': conversion from 'double' to 'COLORREF', possible loss of data
     1>c:\users\администратор\documents\visual studio 2015\projects\secondlab\secondlab\draw.cpp(135): warning C4244: 'argument': conversion from 'double' to 'COLORREF', possible loss of data
     1>c:\users\администратор\documents\visual studio 2015\projects\secondlab\secondlab\draw.cpp(137): warning C4244: 'argument': conversion from 'double' to 'COLORREF', possible loss of data
     1>c:\users\администратор\documents\visual studio 2015\projects\secondlab\secondlab\draw.cpp(138): warning C4244: 'argument': conversion from 'double' to 'COLORREF', possible loss of data
     1>c:\users\администратор\documents\visual studio 2015\projects\secondlab\secondlab\draw.cpp(140): warning C4244: 'argument': conversion from 'double' to 'COLORREF', possible loss of data
     1>c:\users\администратор\documents\visual studio 2015\projects\secondlab\secondlab\draw.cpp(141): warning C4244: 'argument': conversion from 'double' to 'COLORREF', possible loss of data
     1>c:\users\администратор\documents\visual studio 2015\projects\secondlab\secondlab\draw.cpp(143): warning C4244: 'argument': conversion from 'double' to 'COLORREF', possible loss of data
     1>c:\users\администратор\documents\visual studio 2015\projects\secondlab\secondlab\draw.cpp(144): warning C4244: 'argument': conversion from 'double' to 'COLORREF', possible loss of data
     1>c:\users\администратор\documents\visual studio 2015\projects\secondlab\secondlab\draw.cpp(146): warning C4244: '=': conversion from 'double' to 'float', possible loss of data
     1>c:\users\администратор\documents\visual studio 2015\projects\secondlab\secondlab\draw.cpp(147): warning C4244: '=': conversion from 'double' to 'float', possible loss of data
     1>c:\users\администратор\documents\visual studio 2015\projects\secondlab\secondlab\draw.cpp(166): warning C4244: 'argument': conversion from 'double' to 'COLORREF', possible loss of data
     1>c:\users\администратор\documents\visual studio 2015\projects\secondlab\secondlab\draw.cpp(167): warning C4244: 'argument': conversion from 'double' to 'COLORREF', possible loss of data
     1>c:\users\администратор\documents\visual studio 2015\projects\secondlab\secondlab\draw.cpp(169): warning C4244: 'argument': conversion from 'double' to 'COLORREF', possible loss of data
     1>c:\users\администратор\documents\visual studio 2015\projects\secondlab\secondlab\draw.cpp(170): warning C4244: 'argument': conversion from 'double' to 'COLORREF', possible loss of data
     1>c:\users\администратор\documents\visual studio 2015\projects\secondlab\secondlab\draw.cpp(172): warning C4244: 'argument': conversion from 'double' to 'COLORREF', possible loss of data
     1>c:\users\администратор\documents\visual studio 2015\projects\secondlab\secondlab\draw.cpp(173): warning C4244: 'argument': conversion from 'double' to 'COLORREF', possible loss of data
     1>c:\users\администратор\documents\visual studio 2015\projects\secondlab\secondlab\draw.cpp(175): warning C4244: 'argument': conversion from 'double' to 'COLORREF', possible loss of data
     1>c:\users\администратор\documents\visual studio 2015\projects\secondlab\secondlab\draw.cpp(176): warning C4244: 'argument': conversion from 'double' to 'COLORREF', possible loss of data
     1>c:\users\администратор\documents\visual studio 2015\projects\secondlab\secondlab\draw.cpp(177): warning C4244: '=': conversion from 'double' to 'float', possible loss of data
     1>c:\users\администратор\documents\visual studio 2015\projects\secondlab\secondlab\draw.cpp(178): warning C4244: '=': conversion from 'double' to 'float', possible loss of data
         Generating Code...
       Link:
         C:\Program Files\Microsoft Visual Studio 14.0\VC\bin\link.exe /ERRORREPORT:PROMPT /OUT:"c:\users\администратор\documents\visual studio 2015\Projects\Secondlab\Debug\Secondlab.exe" /INCREMENTAL /NOLOGO kernel32.lib user32.lib gdi32.lib winspool.lib comdlg32.lib advapi32.lib shell32.lib ole32.lib oleaut32.lib uuid.lib odbc32.lib odbccp32.lib /MANIFEST /MANIFESTUAC:"level='asInvoker' uiAccess='false'" /manifest:embed /Debug /PDB:"c:\users\администратор\documents\visual studio 2015\Projects\Secondlab\Debug\Secondlab.pdb" /TLBID:1 /DYNAMICBASE /NXCOMPAT /IMPLIB:"c:\users\администратор\documents\visual studio 2015\Projects\Secondlab\Debug\Secondlab.lib" /MACHINE:X86 Debug\draw.obj
         Debug\main.obj
         Secondlab.vcxproj -> c:\users\администратор\documents\visual studio 2015\Projects\Secondlab\Debug\Secondlab.exe
     1>Done Building Project "c:\Users\администратор\documents\visual studio 2015\Projects\Secondlab\Secondlab\Secondlab.vcxproj" (Build target(s)).

Build succeeded.

Time Elapsed 00:00:07.68
